[0.465s] Invoking command in '/home/armaanm/eufs_dev/Controls/build/control': PYTHONPATH=/home/armaanm/eufs_dev/Controls/build/control/prefix_override:/usr/lib/python3/dist-packages/colcon_core/task/python/colcon_distutils_commands:/home/armaanm/eufs_dev/Controls/install/control/lib/python3.8/site-packages:${PYTHONPATH} /usr/bin/python3 -W ignore:setup.py install is deprecated -W ignore:easy_install command is deprecated setup.py develop --editable --build-directory /home/armaanm/eufs_dev/Controls/build/control/build --no-deps symlink_data
[0.590s] running develop
[0.674s] running egg_info
[0.674s] creating control.egg-info
[0.675s] writing control.egg-info/PKG-INFO
[0.675s] writing dependency_links to control.egg-info/dependency_links.txt
[0.675s] writing entry points to control.egg-info/entry_points.txt
[0.675s] writing requirements to control.egg-info/requires.txt
[0.675s] writing top-level names to control.egg-info/top_level.txt
[0.679s] writing manifest file 'control.egg-info/SOURCES.txt'
[0.696s] reading manifest file 'control.egg-info/SOURCES.txt'
[0.696s] writing manifest file 'control.egg-info/SOURCES.txt'
[0.716s] running build_ext
[0.717s] Creating /home/armaanm/eufs_dev/Controls/install/control/lib/python3.8/site-packages/site.py
[0.719s] Creating /home/armaanm/eufs_dev/Controls/install/control/lib/python3.8/site-packages/control.egg-link (link to .)
[0.719s] Installing run_control script to /home/armaanm/eufs_dev/Controls/install/control/lib/control
[0.720s] Installing test_control script to /home/armaanm/eufs_dev/Controls/install/control/lib/control
[0.720s] 
[0.720s] Installed /home/armaanm/eufs_dev/Controls/build/control
[0.720s] running symlink_data
[0.720s] creating /home/armaanm/eufs_dev/Controls/install/control/share/ament_index
[0.720s] creating /home/armaanm/eufs_dev/Controls/install/control/share/ament_index/resource_index
[0.720s] creating /home/armaanm/eufs_dev/Controls/install/control/share/ament_index/resource_index/packages
[0.720s] symbolically linking /home/armaanm/eufs_dev/Controls/build/control/resource/control -> /home/armaanm/eufs_dev/Controls/install/control/share/ament_index/resource_index/packages
[0.720s] symbolically linking /home/armaanm/eufs_dev/Controls/build/control/package.xml -> /home/armaanm/eufs_dev/Controls/install/control/share/control
[0.734s] Invoked command in '/home/armaanm/eufs_dev/Controls/build/control' returned '0': PYTHONPATH=/home/armaanm/eufs_dev/Controls/build/control/prefix_override:/usr/lib/python3/dist-packages/colcon_core/task/python/colcon_distutils_commands:/home/armaanm/eufs_dev/Controls/install/control/lib/python3.8/site-packages:${PYTHONPATH} /usr/bin/python3 -W ignore:setup.py install is deprecated -W ignore:easy_install command is deprecated setup.py develop --editable --build-directory /home/armaanm/eufs_dev/Controls/build/control/build --no-deps symlink_data
